  [1m[35m (74.9ms)[0m  [1m[35mCREATE DATABASE "ninety_nine_cats_development" ENCODING = 'unicode'[0m
  [1m[35m (49.3ms)[0m  [1m[35mCREATE DATABASE "ninety_nine_cats_test" ENCODING = 'unicode'[0m
  [1m[35m (6.7ms)[0m  [1m[35mCREATE TABLE "schema_migrations" ("version" character varying NOT NULL PRIMARY KEY)[0m
  [1m[35m (2.9ms)[0m  [1m[35mCREATE TABLE "ar_internal_metadata" ("key" character varying NOT NULL PRIMARY KEY, "value" character varying, "created_at" timestamp(6) NOT NULL, "updated_at" timestamp(6) NOT NULL)[0m
  [1m[35m (0.1ms)[0m  [1m[34mSELECT pg_try_advisory_lock(723150122408807205)[0m
  [1m[36mActiveRecord::SchemaMigration Pluck (0.3ms)[0m  [1m[34mSELECT "schema_migrations"."version" FROM "schema_migrations" ORDER BY "schema_migrations"."version" ASC[0m
Migrating to CreateCat (20230804192251)
  [1m[36mTRANSACTION (0.0ms)[0m  [1m[35mBEGIN[0m
  [1m[35m (3.1ms)[0m  [1m[35mCREATE TABLE "cats" ("id" bigserial primary key, "name" character varying NOT NULL, "color" character varying NOT NULL, "birth_date" integer NOT NULL, "sex" character varying(1) NOT NULL, "description" text, "created_at" timestamp(6) NOT NULL, "updated_at" timestamp(6) NOT NULL)[0m
  [1m[36mActiveRecord::SchemaMigration Create (0.2ms)[0m  [1m[32mINSERT INTO "schema_migrations" ("version") VALUES ($1) RETURNING "version"[0m  [["version", "20230804192251"]]
  [1m[36mTRANSACTION (0.3ms)[0m  [1m[35mCOMMIT[0m
  [1m[36mActiveRecord::InternalMetadata Load (0.1ms)[0m  [1m[34mSELECT "ar_internal_metadata".* FROM "ar_internal_metadata" WHERE "ar_internal_metadata"."key" = $1 LIMIT $2[0m  [["key", "environment"], ["LIMIT", 1]]
  [1m[36mTRANSACTION (0.0ms)[0m  [1m[35mBEGIN[0m
  [1m[36mActiveRecord::InternalMetadata Create (0.4ms)[0m  [1m[32mINSERT INTO "ar_internal_metadata" ("key", "value", "created_at", "updated_at") VALUES ($1, $2, $3, $4) RETURNING "key"[0m  [["key", "environment"], ["value", "development"], ["created_at", "2023-08-04 19:30:57.400511"], ["updated_at", "2023-08-04 19:30:57.400511"]]
  [1m[36mTRANSACTION (0.2ms)[0m  [1m[35mCOMMIT[0m
  [1m[35m (0.2ms)[0m  [1m[34mSELECT pg_advisory_unlock(723150122408807205)[0m
  [1m[36mActiveRecord::SchemaMigration Pluck (0.2ms)[0m  [1m[34mSELECT "schema_migrations"."version" FROM "schema_migrations" ORDER BY "schema_migrations"."version" ASC[0m
  [1m[35m (0.1ms)[0m  [1m[34mSELECT pg_try_advisory_lock(723150122408807205)[0m
  [1m[36mActiveRecord::SchemaMigration Pluck (0.6ms)[0m  [1m[34mSELECT "schema_migrations"."version" FROM "schema_migrations" ORDER BY "schema_migrations"."version" ASC[0m
Migrating to CatDateChange (20230804194728)
  [1m[36mTRANSACTION (0.1ms)[0m  [1m[35mBEGIN[0m
  [1m[35m (1.6ms)[0m  [1m[35mALTER TABLE "cats" ALTER COLUMN "birth_date" TYPE date[0m
  [1m[36mTRANSACTION (0.1ms)[0m  [1m[31mROLLBACK[0m
  [1m[35m (0.1ms)[0m  [1m[34mSELECT pg_advisory_unlock(723150122408807205)[0m
  [1m[36mActiveRecord::SchemaMigration Pluck (0.9ms)[0m  [1m[34mSELECT "schema_migrations"."version" FROM "schema_migrations" ORDER BY "schema_migrations"."version" ASC[0m
  [1m[36mActiveRecord::SchemaMigration Pluck (0.2ms)[0m  [1m[34mSELECT "schema_migrations"."version" FROM "schema_migrations" ORDER BY "schema_migrations"."version" ASC[0m
  [1m[36mActiveRecord::SchemaMigration Pluck (0.2ms)[0m  [1m[34mSELECT "schema_migrations"."version" FROM "schema_migrations" ORDER BY "schema_migrations"."version" ASC[0m
  [1m[35m (0.1ms)[0m  [1m[34mSELECT pg_try_advisory_lock(723150122408807205)[0m
  [1m[36mActiveRecord::SchemaMigration Pluck (0.1ms)[0m  [1m[34mSELECT "schema_migrations"."version" FROM "schema_migrations" ORDER BY "schema_migrations"."version" ASC[0m
Migrating to CreateCat (20230804192251)
  [1m[36mTRANSACTION (0.1ms)[0m  [1m[35mBEGIN[0m
  [1m[35m (1.0ms)[0m  [1m[35mDROP TABLE "cats"[0m
  [1m[36mActiveRecord::SchemaMigration Delete All (0.3ms)[0m  [1m[31mDELETE FROM "schema_migrations" WHERE "schema_migrations"."version" = $1[0m  [["version", "20230804192251"]]
  [1m[36mTRANSACTION (2.4ms)[0m  [1m[35mCOMMIT[0m
  [1m[35m (0.2ms)[0m  [1m[34mSELECT pg_advisory_unlock(723150122408807205)[0m
  [1m[36mActiveRecord::SchemaMigration Pluck (0.4ms)[0m  [1m[34mSELECT "schema_migrations"."version" FROM "schema_migrations" ORDER BY "schema_migrations"."version" ASC[0m
  [1m[36mActiveRecord::SchemaMigration Pluck (0.1ms)[0m  [1m[34mSELECT "schema_migrations"."version" FROM "schema_migrations" ORDER BY "schema_migrations"."version" ASC[0m
  [1m[35m (0.1ms)[0m  [1m[34mSELECT pg_try_advisory_lock(723150122408807205)[0m
  [1m[36mActiveRecord::SchemaMigration Pluck (0.6ms)[0m  [1m[34mSELECT "schema_migrations"."version" FROM "schema_migrations" ORDER BY "schema_migrations"."version" ASC[0m
Migrating to CreateCat (20230804192251)
  [1m[36mTRANSACTION (0.1ms)[0m  [1m[35mBEGIN[0m
  [1m[35m (7.1ms)[0m  [1m[35mCREATE TABLE "cats" ("id" bigserial primary key, "name" character varying NOT NULL, "color" character varying NOT NULL, "birth_date" date NOT NULL, "sex" character varying(1) NOT NULL, "description" text, "created_at" timestamp(6) NOT NULL, "updated_at" timestamp(6) NOT NULL)[0m
  [1m[36mActiveRecord::SchemaMigration Create (0.2ms)[0m  [1m[32mINSERT INTO "schema_migrations" ("version") VALUES ($1) RETURNING "version"[0m  [["version", "20230804192251"]]
  [1m[36mTRANSACTION (0.4ms)[0m  [1m[35mCOMMIT[0m
Migrating to CatDateChange (20230804194728)
  [1m[36mTRANSACTION (0.5ms)[0m  [1m[35mBEGIN[0m
  [1m[35m (0.2ms)[0m  [1m[35mALTER TABLE "cats" ALTER COLUMN "birth_date" TYPE date[0m
  [1m[36mActiveRecord::SchemaMigration Create (0.1ms)[0m  [1m[32mINSERT INTO "schema_migrations" ("version") VALUES ($1) RETURNING "version"[0m  [["version", "20230804194728"]]
  [1m[36mTRANSACTION (0.2ms)[0m  [1m[35mCOMMIT[0m
  [1m[36mActiveRecord::InternalMetadata Load (0.4ms)[0m  [1m[34mSELECT "ar_internal_metadata".* FROM "ar_internal_metadata" WHERE "ar_internal_metadata"."key" = $1 LIMIT $2[0m  [["key", "environment"], ["LIMIT", 1]]
  [1m[35m (0.2ms)[0m  [1m[34mSELECT pg_advisory_unlock(723150122408807205)[0m
  [1m[36mActiveRecord::SchemaMigration Pluck (0.6ms)[0m  [1m[34mSELECT "schema_migrations"."version" FROM "schema_migrations" ORDER BY "schema_migrations"."version" ASC[0m
  [1m[36mActiveRecord::SchemaMigration Pluck (0.1ms)[0m  [1m[34mSELECT "schema_migrations"."version" FROM "schema_migrations" ORDER BY "schema_migrations"."version" ASC[0m
  [1m[36mTRANSACTION (0.3ms)[0m  [1m[35mBEGIN[0m
  [1m[36mCat Create (2.4ms)[0m  [1m[32mINSERT INTO "cats" ("name", "color", "birth_date", "sex", "description", "created_at", "updated_at") VALUES ($1, $2, $3, $4, $5, $6, $7) RETURNING "id"[0m  [["name", "Harvey"], ["color", "White"], ["birth_date", "2022-07-31"], ["sex", "M"], ["description", nil], ["created_at", "2023-08-04 20:27:19.820741"], ["updated_at", "2023-08-04 20:27:19.820741"]]
  [1m[36mTRANSACTION (1.2ms)[0m  [1m[35mCOMMIT[0m
  [1m[36mTRANSACTION (0.3ms)[0m  [1m[35mBEGIN[0m
  [1m[36mCat Create (0.6ms)[0m  [1m[32mINSERT INTO "cats" ("name", "color", "birth_date", "sex", "description", "created_at", "updated_at") VALUES ($1, $2, $3, $4, $5, $6, $7) RETURNING "id"[0m  [["name", "Harvey"], ["color", "White"], ["birth_date", "2022-07-31"], ["sex", "M"], ["description", nil], ["created_at", "2023-08-04 20:28:26.256855"], ["updated_at", "2023-08-04 20:28:26.256855"]]
  [1m[36mTRANSACTION (0.9ms)[0m  [1m[35mCOMMIT[0m
  [1m[36mTRANSACTION (0.1ms)[0m  [1m[35mBEGIN[0m
  [1m[36mCat Create (0.3ms)[0m  [1m[32mINSERT INTO "cats" ("name", "color", "birth_date", "sex", "description", "created_at", "updated_at") VALUES ($1, $2, $3, $4, $5, $6, $7) RETURNING "id"[0m  [["name", "Harvey"], ["color", "White"], ["birth_date", "2022-07-31"], ["sex", "M"], ["description", nil], ["created_at", "2023-08-04 20:29:56.670840"], ["updated_at", "2023-08-04 20:29:56.670840"]]
  [1m[36mTRANSACTION (1.0ms)[0m  [1m[35mCOMMIT[0m
  [1m[36mTRANSACTION (0.3ms)[0m  [1m[35mBEGIN[0m
  [1m[36mCat Create (0.6ms)[0m  [1m[32mINSERT INTO "cats" ("name", "color", "birth_date", "sex", "description", "created_at", "updated_at") VALUES ($1, $2, $3, $4, $5, $6, $7) RETURNING "id"[0m  [["name", "arvey"], ["color", "Black"], ["birth_date", "2023-07-31"], ["sex", "M"], ["description", nil], ["created_at", "2023-08-04 20:30:38.936587"], ["updated_at", "2023-08-04 20:30:38.936587"]]
  [1m[36mTRANSACTION (0.8ms)[0m  [1m[35mCOMMIT[0m
  [1m[36mTRANSACTION (0.6ms)[0m  [1m[35mBEGIN[0m
  [1m[36mCat Create (1.2ms)[0m  [1m[32mINSERT INTO "cats" ("name", "color", "birth_date", "sex", "description", "created_at", "updated_at") VALUES ($1, $2, $3, $4, $5, $6, $7) RETURNING "id"[0m  [["name", "Harvey"], ["color", "White"], ["birth_date", "2022-08-31"], ["sex", "M"], ["description", nil], ["created_at", "2023-08-04 20:32:15.749229"], ["updated_at", "2023-08-04 20:32:15.749229"]]
  [1m[36mTRANSACTION (1.1ms)[0m  [1m[35mCOMMIT[0m
Started GET "/cats" for ::1 at 2023-08-04 17:38:32 -0400
  [1m[36mActiveRecord::SchemaMigration Pluck (0.5ms)[0m  [1m[34mSELECT "schema_migrations"."version" FROM "schema_migrations" ORDER BY "schema_migrations"."version" ASC[0m
Processing by CatsController#index as */*
Completed 500 Internal Server Error in 5ms (ActiveRecord: 0.0ms | Allocations: 4272)



ActionView::MissingTemplate - Missing template cats/index with {:locale=>[:en], :formats=>[:html, :text, :js, :css, :ics, :csv, :vcf, :vtt, :png, :jpeg, :gif, :bmp, :tiff, :svg, :mpeg, :mp3, :ogg, :m4a, :webm, :mp4, :otf, :ttf, :woff, :woff2, :xml, :rss, :atom, :yaml, :multipart_form, :url_encoded_form, :json, :pdf, :zip, :gzip], :variants=>[], :handlers=>[:raw, :erb, :html, :builder, :ruby]}.
Searched in:
  * "/Users/sean/Desktop/App Academy/W6/D5/Classwork/practice-for-ch-rails-ninety-nine-cats1-long-practice-main/ninety-nine-cats/app/views"
Did you mean?  /index
               layouts/application:
  app/controllers/cats_controller.rb:4:in `index'

Started GET "/cats" for ::1 at 2023-08-04 17:39:12 -0400
  [1m[36mActiveRecord::SchemaMigration Pluck (0.7ms)[0m  [1m[34mSELECT "schema_migrations"."version" FROM "schema_migrations" ORDER BY "schema_migrations"."version" ASC[0m
Processing by CatsController#index as */*
Completed 500 Internal Server Error in 5ms (ActiveRecord: 0.0ms | Allocations: 4269)



ActionView::MissingTemplate - Missing template cats/index with {:locale=>[:en], :formats=>[:html, :text, :js, :css, :ics, :csv, :vcf, :vtt, :png, :jpeg, :gif, :bmp, :tiff, :svg, :mpeg, :mp3, :ogg, :m4a, :webm, :mp4, :otf, :ttf, :woff, :woff2, :xml, :rss, :atom, :yaml, :multipart_form, :url_encoded_form, :json, :pdf, :zip, :gzip], :variants=>[], :handlers=>[:raw, :erb, :html, :builder, :ruby]}.
Searched in:
  * "/Users/sean/Desktop/App Academy/W6/D5/Classwork/practice-for-ch-rails-ninety-nine-cats1-long-practice-main/ninety-nine-cats/app/views"
Did you mean?  /index
               layouts/application:
  app/controllers/cats_controller.rb:4:in `index'

Started GET "/cat" for ::1 at 2023-08-04 17:39:54 -0400
  [1m[36mActiveRecord::SchemaMigration Pluck (0.7ms)[0m  [1m[34mSELECT "schema_migrations"."version" FROM "schema_migrations" ORDER BY "schema_migrations"."version" ASC[0m
  
ActionController::RoutingError (No route matches [GET] "/cat"):
  
Started GET "/cats" for ::1 at 2023-08-04 17:40:35 -0400
  [1m[36mActiveRecord::SchemaMigration Pluck (0.9ms)[0m  [1m[34mSELECT "schema_migrations"."version" FROM "schema_migrations" ORDER BY "schema_migrations"."version" ASC[0m
Processing by CatsController#index as */*
Completed 500 Internal Server Error in 5ms (ActiveRecord: 0.0ms | Allocations: 4269)



ActionView::MissingTemplate - Missing template cats/index with {:locale=>[:en], :formats=>[:html, :text, :js, :css, :ics, :csv, :vcf, :vtt, :png, :jpeg, :gif, :bmp, :tiff, :svg, :mpeg, :mp3, :ogg, :m4a, :webm, :mp4, :otf, :ttf, :woff, :woff2, :xml, :rss, :atom, :yaml, :multipart_form, :url_encoded_form, :json, :pdf, :zip, :gzip], :variants=>[], :handlers=>[:raw, :erb, :html, :builder, :ruby]}.
Searched in:
  * "/Users/sean/Desktop/App Academy/W6/D5/Classwork/practice-for-ch-rails-ninety-nine-cats1-long-practice-main/ninety-nine-cats/app/views"
Did you mean?  /index
               layouts/application:
  app/controllers/cats_controller.rb:4:in `index'

Started GET "/cats" for ::1 at 2023-08-04 17:41:33 -0400
  [1m[36mActiveRecord::SchemaMigration Pluck (0.7ms)[0m  [1m[34mSELECT "schema_migrations"."version" FROM "schema_migrations" ORDER BY "schema_migrations"."version" ASC[0m
Processing by CatsController#index as */*
  [1m[36mCat Load (0.9ms)[0m  [1m[34mSELECT "cats".* FROM "cats"[0m
  ↳ app/controllers/cats_controller.rb:4:in `index'
Completed 200 OK in 12ms (Views: 6.4ms | ActiveRecord: 3.8ms | Allocations: 8961)


Started GET "/cats" for ::1 at 2023-08-04 17:42:24 -0400
  [1m[36mActiveRecord::SchemaMigration Pluck (0.7ms)[0m  [1m[34mSELECT "schema_migrations"."version" FROM "schema_migrations" ORDER BY "schema_migrations"."version" ASC[0m
Processing by CatsController#index as */*
Completed 500 Internal Server Error in 5ms (ActiveRecord: 0.0ms | Allocations: 4272)



ActionView::MissingTemplate - Missing template cats/index with {:locale=>[:en], :formats=>[:html, :text, :js, :css, :ics, :csv, :vcf, :vtt, :png, :jpeg, :gif, :bmp, :tiff, :svg, :mpeg, :mp3, :ogg, :m4a, :webm, :mp4, :otf, :ttf, :woff, :woff2, :xml, :rss, :atom, :yaml, :multipart_form, :url_encoded_form, :json, :pdf, :zip, :gzip], :variants=>[], :handlers=>[:raw, :erb, :html, :builder, :ruby]}.
Searched in:
  * "/Users/sean/Desktop/App Academy/W6/D5/Classwork/practice-for-ch-rails-ninety-nine-cats1-long-practice-main/ninety-nine-cats/app/views"
Did you mean?  /index
               layouts/application:
  app/controllers/cats_controller.rb:4:in `index'

Started GET "/cats" for ::1 at 2023-08-04 17:42:38 -0400
  [1m[36mActiveRecord::SchemaMigration Pluck (0.6ms)[0m  [1m[34mSELECT "schema_migrations"."version" FROM "schema_migrations" ORDER BY "schema_migrations"."version" ASC[0m
Processing by CatsController#index as */*
Completed 500 Internal Server Error in 4ms (ActiveRecord: 0.0ms | Allocations: 4269)



ActionView::MissingTemplate - Missing template cats/index with {:locale=>[:en], :formats=>[:html, :text, :js, :css, :ics, :csv, :vcf, :vtt, :png, :jpeg, :gif, :bmp, :tiff, :svg, :mpeg, :mp3, :ogg, :m4a, :webm, :mp4, :otf, :ttf, :woff, :woff2, :xml, :rss, :atom, :yaml, :multipart_form, :url_encoded_form, :json, :pdf, :zip, :gzip], :variants=>[], :handlers=>[:raw, :erb, :html, :builder, :ruby]}.
Searched in:
  * "/Users/sean/Desktop/App Academy/W6/D5/Classwork/practice-for-ch-rails-ninety-nine-cats1-long-practice-main/ninety-nine-cats/app/views"
Did you mean?  /index
               layouts/application:
  app/controllers/cats_controller.rb:4:in `index'

Started GET "/cats" for ::1 at 2023-08-04 17:43:29 -0400
  [1m[36mActiveRecord::SchemaMigration Pluck (0.5ms)[0m  [1m[34mSELECT "schema_migrations"."version" FROM "schema_migrations" ORDER BY "schema_migrations"."version" ASC[0m
Processing by CatsController#index as */*
  Rendering cats/index.html.erb
  [1m[36mCat Load (0.6ms)[0m  [1m[34mSELECT "cats".* FROM "cats"[0m
  ↳ app/views/cats/index.html.erb:3
  Rendered cats/index.html.erb (Duration: 10.5ms | Allocations: 7248)
Completed 200 OK in 18ms (Views: 11.8ms | ActiveRecord: 4.6ms | Allocations: 12636)


Started GET "/cats" for ::1 at 2023-08-04 17:44:10 -0400
  [1m[36mActiveRecord::SchemaMigration Pluck (0.5ms)[0m  [1m[34mSELECT "schema_migrations"."version" FROM "schema_migrations" ORDER BY "schema_migrations"."version" ASC[0m
Processing by CatsController#index as */*
  Rendering cats/index.html.erb
  [1m[36mCat Load (0.6ms)[0m  [1m[34mSELECT "cats".* FROM "cats"[0m
  ↳ app/views/cats/index.html.erb:3
  Rendered cats/index.html.erb (Duration: 10.4ms | Allocations: 7242)
Completed 200 OK in 17ms (Views: 12.0ms | ActiveRecord: 4.2ms | Allocations: 12631)


Started GET "/cats" for ::1 at 2023-08-04 17:45:09 -0400
Processing by CatsController#index as */*
  Rendering cats/index.html.erb
  [1m[36mCat Load (0.5ms)[0m  [1m[34mSELECT "cats".* FROM "cats"[0m
  ↳ app/views/cats/index.html.erb:4
  Rendered cats/index.html.erb (Duration: 3.6ms | Allocations: 923)
Completed 200 OK in 7ms (Views: 6.5ms | ActiveRecord: 0.5ms | Allocations: 1794)


Started GET "/cats" for ::1 at 2023-08-04 17:46:24 -0400
  [1m[36mActiveRecord::SchemaMigration Pluck (0.5ms)[0m  [1m[34mSELECT "schema_migrations"."version" FROM "schema_migrations" ORDER BY "schema_migrations"."version" ASC[0m
Processing by CatsController#index as */*
  Rendering cats/index.html.erb
  [1m[36mCat Load (0.8ms)[0m  [1m[34mSELECT "cats".* FROM "cats"[0m
  ↳ app/views/cats/index.html.erb:4
  Rendered cats/index.html.erb (Duration: 10.0ms | Allocations: 7258)
Completed 200 OK in 17ms (Views: 11.9ms | ActiveRecord: 4.1ms | Allocations: 12647)


Started GET "/cats/1" for ::1 at 2023-08-04 17:49:32 -0400
  [1m[36mActiveRecord::SchemaMigration Pluck (0.5ms)[0m  [1m[34mSELECT "schema_migrations"."version" FROM "schema_migrations" ORDER BY "schema_migrations"."version" ASC[0m
Processing by CatsController#show as */*
  Parameters: {"id"=>"1"}
  [1m[36mCat Load (2.6ms)[0m  [1m[34mSELECT "cats".* FROM "cats" WHERE (1) LIMIT $1[0m  [["LIMIT", 1]]
  ↳ app/controllers/cats_controller.rb:17:in `show'
Completed 500 Internal Server Error in 5ms (ActiveRecord: 2.6ms | Allocations: 4144)



ActiveRecord::StatementInvalid - PG::DatatypeMismatch: ERROR:  argument of WHERE must be type boolean, not type integer
LINE 1: SELECT "cats".* FROM "cats" WHERE (1) LIMIT $1
                                           ^:
  app/controllers/cats_controller.rb:17:in `show'

Started GET "/cats/1" for ::1 at 2023-08-04 17:49:56 -0400
Processing by CatsController#show as */*
  Parameters: {"id"=>"1"}
  [1m[36mCat Load (0.3ms)[0m  [1m[34mSELECT "cats".* FROM "cats" WHERE "cats"."id" = $1 LIMIT $2[0m  [["id", 1], ["LIMIT", 1]]
  ↳ app/controllers/cats_controller.rb:17:in `show'
  Rendering cats/show.html.erb
  Rendered cats/show.html.erb (Duration: 0.6ms | Allocations: 420)
Completed 200 OK in 18ms (Views: 5.1ms | ActiveRecord: 4.6ms | Allocations: 14468)


Started GET "/cats/1" for ::1 at 2023-08-04 17:55:54 -0400
Processing by CatsController#show as */*
  Parameters: {"id"=>"1"}
  [1m[36mCat Load (0.4ms)[0m  [1m[34mSELECT "cats".* FROM "cats" WHERE "cats"."id" = $1 LIMIT $2[0m  [["id", 1], ["LIMIT", 1]]
  ↳ app/controllers/cats_controller.rb:17:in `show'
  Rendering cats/show.html.erb
  Rendered cats/show.html.erb (Duration: 0.5ms | Allocations: 271)
Completed 200 OK in 24ms (Views: 1.8ms | ActiveRecord: 8.4ms | Allocations: 4782)


Started GET "/cats/1" for ::1 at 2023-08-04 17:56:57 -0400
  [1m[36mActiveRecord::SchemaMigration Pluck (0.6ms)[0m  [1m[34mSELECT "schema_migrations"."version" FROM "schema_migrations" ORDER BY "schema_migrations"."version" ASC[0m
Processing by CatsController#show as */*
  Parameters: {"id"=>"1"}
  [1m[36mCat Load (0.6ms)[0m  [1m[34mSELECT "cats".* FROM "cats" WHERE "cats"."id" = $1 LIMIT $2[0m  [["id", 1], ["LIMIT", 1]]
  ↳ app/controllers/cats_controller.rb:17:in `show'
  Rendering cats/show.html.erb
  Rendered cats/show.html.erb (Duration: 0.9ms | Allocations: 545)
Completed 200 OK in 19ms (Views: 6.8ms | ActiveRecord: 4.8ms | Allocations: 15493)


Started GET "/cats/1" for ::1 at 2023-08-04 17:57:26 -0400
  [1m[36mActiveRecord::SchemaMigration Pluck (1.8ms)[0m  [1m[34mSELECT "schema_migrations"."version" FROM "schema_migrations" ORDER BY "schema_migrations"."version" ASC[0m
Processing by CatsController#show as */*
  Parameters: {"id"=>"1"}
  [1m[36mCat Load (0.4ms)[0m  [1m[34mSELECT "cats".* FROM "cats" WHERE "cats"."id" = $1 LIMIT $2[0m  [["id", 1], ["LIMIT", 1]]
  ↳ app/controllers/cats_controller.rb:17:in `show'
  Rendering cats/show.html.erb
  Rendered cats/show.html.erb (Duration: 0.6ms | Allocations: 549)
Completed 200 OK in 18ms (Views: 5.7ms | ActiveRecord: 3.9ms | Allocations: 15497)


Started GET "/cats/1" for ::1 at 2023-08-04 17:57:44 -0400
Processing by CatsController#show as */*
  Parameters: {"id"=>"1"}
  [1m[36mCat Load (0.5ms)[0m  [1m[34mSELECT "cats".* FROM "cats" WHERE "cats"."id" = $1 LIMIT $2[0m  [["id", 1], ["LIMIT", 1]]
  ↳ app/controllers/cats_controller.rb:17:in `show'
  Rendering cats/show.html.erb
  Rendered cats/show.html.erb (Duration: 1.0ms | Allocations: 233)
Completed 200 OK in 9ms (Views: 4.9ms | ActiveRecord: 0.5ms | Allocations: 1676)


Started GET "/cats/2" for ::1 at 2023-08-04 17:58:44 -0400
Processing by CatsController#show as */*
  Parameters: {"id"=>"2"}
  [1m[36mCat Load (0.6ms)[0m  [1m[34mSELECT "cats".* FROM "cats" WHERE "cats"."id" = $1 LIMIT $2[0m  [["id", 2], ["LIMIT", 1]]
  ↳ app/controllers/cats_controller.rb:17:in `show'
  Rendering cats/show.html.erb
  Rendered cats/show.html.erb (Duration: 0.2ms | Allocations: 24)
Completed 200 OK in 5ms (Views: 1.1ms | ActiveRecord: 0.6ms | Allocations: 827)


Started GET "/cats/3" for ::1 at 2023-08-04 17:58:48 -0400
Processing by CatsController#show as */*
  Parameters: {"id"=>"3"}
  [1m[36mCat Load (0.3ms)[0m  [1m[34mSELECT "cats".* FROM "cats" WHERE "cats"."id" = $1 LIMIT $2[0m  [["id", 3], ["LIMIT", 1]]
  ↳ app/controllers/cats_controller.rb:17:in `show'
  Rendering cats/show.html.erb
  Rendered cats/show.html.erb (Duration: 0.2ms | Allocations: 24)
Completed 200 OK in 4ms (Views: 1.0ms | ActiveRecord: 0.3ms | Allocations: 741)


Started GET "/cats/10000" for ::1 at 2023-08-04 17:58:50 -0400
Processing by CatsController#show as */*
  Parameters: {"id"=>"10000"}
  [1m[36mCat Load (0.4ms)[0m  [1m[34mSELECT "cats".* FROM "cats" WHERE "cats"."id" = $1 LIMIT $2[0m  [["id", 10000], ["LIMIT", 1]]
  ↳ app/controllers/cats_controller.rb:17:in `show'
Completed 404 Not Found in 4ms (ActiveRecord: 0.4ms | Allocations: 1073)



ActiveRecord::RecordNotFound - Couldn't find Cat with 'id'=10000:
  app/controllers/cats_controller.rb:17:in `show'

Started GET "/cats/10" for ::1 at 2023-08-04 17:58:53 -0400
Processing by CatsController#show as */*
  Parameters: {"id"=>"10"}
  [1m[36mCat Load (0.4ms)[0m  [1m[34mSELECT "cats".* FROM "cats" WHERE "cats"."id" = $1 LIMIT $2[0m  [["id", 10], ["LIMIT", 1]]
  ↳ app/controllers/cats_controller.rb:17:in `show'
Completed 404 Not Found in 3ms (ActiveRecord: 0.4ms | Allocations: 1039)



ActiveRecord::RecordNotFound - Couldn't find Cat with 'id'=10:
  app/controllers/cats_controller.rb:17:in `show'

Started GET "/cats/" for ::1 at 2023-08-04 17:58:55 -0400
Processing by CatsController#index as */*
  Rendering cats/index.html.erb
  [1m[36mCat Load (0.3ms)[0m  [1m[34mSELECT "cats".* FROM "cats"[0m
  ↳ app/views/cats/index.html.erb:4
  Rendered cats/index.html.erb (Duration: 3.5ms | Allocations: 859)
Completed 200 OK in 5ms (Views: 4.2ms | ActiveRecord: 0.3ms | Allocations: 1141)


  [1m[36mActiveRecord::SchemaMigration Pluck (0.7ms)[0m  [1m[34mSELECT "schema_migrations"."version" FROM "schema_migrations" ORDER BY "schema_migrations"."version" ASC[0m
  [1m[36mActiveRecord::SchemaMigration Pluck (0.7ms)[0m  [1m[34mSELECT "schema_migrations"."version" FROM "schema_migrations" ORDER BY "schema_migrations"."version" ASC[0m
  [1m[36mActiveRecord::SchemaMigration Pluck (0.7ms)[0m  [1m[34mSELECT "schema_migrations"."version" FROM "schema_migrations" ORDER BY "schema_migrations"."version" ASC[0m
  [1m[36mActiveRecord::SchemaMigration Pluck (0.6ms)[0m  [1m[34mSELECT "schema_migrations"."version" FROM "schema_migrations" ORDER BY "schema_migrations"."version" ASC[0m
  [1m[36mCat Load (1.0ms)[0m  [1m[34mSELECT "cats".* FROM "cats"[0m
  [1m[36mTRANSACTION (0.1ms)[0m  [1m[35mBEGIN[0m
  [1m[36mCat Destroy (0.4ms)[0m  [1m[31mDELETE FROM "cats" WHERE "cats"."id" = $1[0m  [["id", 1]]
  [1m[36mTRANSACTION (1.4ms)[0m  [1m[35mCOMMIT[0m
  [1m[36mTRANSACTION (0.0ms)[0m  [1m[35mBEGIN[0m
  [1m[36mCat Destroy (0.1ms)[0m  [1m[31mDELETE FROM "cats" WHERE "cats"."id" = $1[0m  [["id", 2]]
  [1m[36mTRANSACTION (0.1ms)[0m  [1m[35mCOMMIT[0m
  [1m[36mTRANSACTION (0.0ms)[0m  [1m[35mBEGIN[0m
  [1m[36mCat Destroy (0.1ms)[0m  [1m[31mDELETE FROM "cats" WHERE "cats"."id" = $1[0m  [["id", 3]]
  [1m[36mTRANSACTION (0.1ms)[0m  [1m[35mCOMMIT[0m
  [1m[36mTRANSACTION (0.0ms)[0m  [1m[35mBEGIN[0m
  [1m[36mCat Destroy (0.2ms)[0m  [1m[31mDELETE FROM "cats" WHERE "cats"."id" = $1[0m  [["id", 4]]
  [1m[36mTRANSACTION (0.2ms)[0m  [1m[35mCOMMIT[0m
  [1m[36mTRANSACTION (0.0ms)[0m  [1m[35mBEGIN[0m
  [1m[36mCat Destroy (0.2ms)[0m  [1m[31mDELETE FROM "cats" WHERE "cats"."id" = $1[0m  [["id", 5]]
  [1m[36mTRANSACTION (0.1ms)[0m  [1m[35mCOMMIT[0m
  [1m[36mTRANSACTION (0.1ms)[0m  [1m[35mBEGIN[0m
  [1m[36mCat Create (0.2ms)[0m  [1m[32mINSERT INTO "cats" ("name", "color", "birth_date", "sex", "description", "created_at", "updated_at") VALUES ($1, $2, $3, $4, $5, $6, $7) RETURNING "id"[0m  [["name", "Harvey"], ["color", "White"], ["birth_date", "2022-07-31"], ["sex", "M"], ["description", "He is a purebred Ragdoll which loves affentionate touch and full of joy! You can think of him as a dog of the cat world :D"], ["created_at", "2023-08-04 22:06:41.050308"], ["updated_at", "2023-08-04 22:06:41.050308"]]
  [1m[36mTRANSACTION (0.1ms)[0m  [1m[35mCOMMIT[0m
  [1m[36mTRANSACTION (0.0ms)[0m  [1m[35mBEGIN[0m
  [1m[36mCat Create (0.1ms)[0m  [1m[32mINSERT INTO "cats" ("name", "color", "birth_date", "sex", "description", "created_at", "updated_at") VALUES ($1, $2, $3, $4, $5, $6, $7) RETURNING "id"[0m  [["name", "Chef"], ["color", "Black"], ["birth_date", "2021-09-03"], ["sex", "M"], ["description", "Funny, he is named after the 'Chef' character from 'South Park' XD"], ["created_at", "2023-08-04 22:06:41.051967"], ["updated_at", "2023-08-04 22:06:41.051967"]]
  [1m[36mTRANSACTION (0.1ms)[0m  [1m[35mCOMMIT[0m
  [1m[36mTRANSACTION (0.0ms)[0m  [1m[35mBEGIN[0m
  [1m[36mCat Create (0.1ms)[0m  [1m[32mINSERT INTO "cats" ("name", "color", "birth_date", "sex", "description", "created_at", "updated_at") VALUES ($1, $2, $3, $4, $5, $6, $7) RETURNING "id"[0m  [["name", "Smol"], ["color", "Orange"], ["birth_date", "2023-07-01"], ["sex", "F"], ["description", "Her name is 'Smol' because she is tiny!"], ["created_at", "2023-08-04 22:06:41.053243"], ["updated_at", "2023-08-04 22:06:41.053243"]]
  [1m[36mTRANSACTION (0.1ms)[0m  [1m[35mCOMMIT[0m
Started GET "/cats/1" for ::1 at 2023-08-04 18:08:08 -0400
  [1m[36mActiveRecord::SchemaMigration Pluck (0.9ms)[0m  [1m[34mSELECT "schema_migrations"."version" FROM "schema_migrations" ORDER BY "schema_migrations"."version" ASC[0m
Processing by CatsController#show as */*
  Parameters: {"id"=>"1"}
  [1m[36mCat Load (0.5ms)[0m  [1m[34mSELECT "cats".* FROM "cats" WHERE "cats"."id" = $1 LIMIT $2[0m  [["id", 1], ["LIMIT", 1]]
  ↳ app/controllers/cats_controller.rb:17:in `show'
  Rendering cats/show.html.erb
  Rendered cats/show.html.erb (Duration: 0.9ms | Allocations: 534)
Completed 200 OK in 21ms (Views: 6.8ms | ActiveRecord: 6.3ms | Allocations: 15482)


Started GET "/cats/2" for ::1 at 2023-08-04 18:08:15 -0400
Processing by CatsController#show as */*
  Parameters: {"id"=>"2"}
  [1m[36mCat Load (0.6ms)[0m  [1m[34mSELECT "cats".* FROM "cats" WHERE "cats"."id" = $1 LIMIT $2[0m  [["id", 2], ["LIMIT", 1]]
  ↳ app/controllers/cats_controller.rb:17:in `show'
  Rendering cats/show.html.erb
  Rendered cats/show.html.erb (Duration: 0.2ms | Allocations: 27)
Completed 200 OK in 5ms (Views: 1.3ms | ActiveRecord: 0.6ms | Allocations: 853)


Started GET "/cats/3" for ::1 at 2023-08-04 18:08:21 -0400
Processing by CatsController#show as */*
  Parameters: {"id"=>"3"}
  [1m[36mCat Load (0.5ms)[0m  [1m[34mSELECT "cats".* FROM "cats" WHERE "cats"."id" = $1 LIMIT $2[0m  [["id", 3], ["LIMIT", 1]]
  ↳ app/controllers/cats_controller.rb:17:in `show'
  Rendering cats/show.html.erb
  Rendered cats/show.html.erb (Duration: 0.1ms | Allocations: 27)
Completed 200 OK in 3ms (Views: 0.9ms | ActiveRecord: 0.5ms | Allocations: 745)


Started GET "/cats/3" for ::1 at 2023-08-04 18:09:14 -0400
Processing by CatsController#show as */*
  Parameters: {"id"=>"3"}
  [1m[36mCat Load (0.6ms)[0m  [1m[34mSELECT "cats".* FROM "cats" WHERE "cats"."id" = $1 LIMIT $2[0m  [["id", 3], ["LIMIT", 1]]
  ↳ app/controllers/cats_controller.rb:17:in `show'
  Rendering cats/show.html.erb
  Rendered cats/show.html.erb (Duration: 0.1ms | Allocations: 27)
Completed 200 OK in 4ms (Views: 0.8ms | ActiveRecord: 0.6ms | Allocations: 745)


Started GET "/cats/3" for ::1 at 2023-08-04 18:09:18 -0400
Processing by CatsController#show as */*
  Parameters: {"id"=>"3"}
  [1m[36mCat Load (0.5ms)[0m  [1m[34mSELECT "cats".* FROM "cats" WHERE "cats"."id" = $1 LIMIT $2[0m  [["id", 3], ["LIMIT", 1]]
  ↳ app/controllers/cats_controller.rb:17:in `show'
  Rendering cats/show.html.erb
  Rendered cats/show.html.erb (Duration: 0.1ms | Allocations: 26)
Completed 200 OK in 3ms (Views: 0.6ms | ActiveRecord: 0.5ms | Allocations: 729)


Started GET "/cats/2" for ::1 at 2023-08-04 18:09:21 -0400
Processing by CatsController#show as */*
  Parameters: {"id"=>"2"}
  [1m[36mCat Load (0.3ms)[0m  [1m[34mSELECT "cats".* FROM "cats" WHERE "cats"."id" = $1 LIMIT $2[0m  [["id", 2], ["LIMIT", 1]]
  ↳ app/controllers/cats_controller.rb:17:in `show'
  Rendering cats/show.html.erb
  Rendered cats/show.html.erb (Duration: 0.2ms | Allocations: 26)
Completed 200 OK in 4ms (Views: 1.0ms | ActiveRecord: 0.3ms | Allocations: 729)


Started GET "/cats/1" for ::1 at 2023-08-04 18:09:31 -0400
  [1m[36mActiveRecord::SchemaMigration Pluck (0.7ms)[0m  [1m[34mSELECT "schema_migrations"."version" FROM "schema_migrations" ORDER BY "schema_migrations"."version" ASC[0m
Processing by CatsController#show as */*
  Parameters: {"id"=>"1"}
  [1m[36mCat Load (0.4ms)[0m  [1m[34mSELECT "cats".* FROM "cats" WHERE "cats"."id" = $1 LIMIT $2[0m  [["id", 1], ["LIMIT", 1]]
  ↳ app/controllers/cats_controller.rb:17:in `show'
  Rendering cats/show.html.erb
  Rendered cats/show.html.erb (Duration: 0.9ms | Allocations: 534)
Completed 200 OK in 21ms (Views: 7.1ms | ActiveRecord: 5.5ms | Allocations: 15483)


Started GET "/cats/2" for ::1 at 2023-08-04 18:09:33 -0400
Processing by CatsController#show as */*
  Parameters: {"id"=>"2"}
  [1m[36mCat Load (0.3ms)[0m  [1m[34mSELECT "cats".* FROM "cats" WHERE "cats"."id" = $1 LIMIT $2[0m  [["id", 2], ["LIMIT", 1]]
  ↳ app/controllers/cats_controller.rb:17:in `show'
  Rendering cats/show.html.erb
  Rendered cats/show.html.erb (Duration: 0.1ms | Allocations: 27)
Completed 200 OK in 3ms (Views: 0.7ms | ActiveRecord: 0.3ms | Allocations: 853)


Started GET "/cats/2" for ::1 at 2023-08-04 18:09:41 -0400
Processing by CatsController#show as */*
  Parameters: {"id"=>"2"}
  [1m[36mCat Load (0.5ms)[0m  [1m[34mSELECT "cats".* FROM "cats" WHERE "cats"."id" = $1 LIMIT $2[0m  [["id", 2], ["LIMIT", 1]]
  ↳ app/controllers/cats_controller.rb:17:in `show'
  Rendering cats/show.html.erb
  Rendered cats/show.html.erb (Duration: 0.2ms | Allocations: 27)
Completed 200 OK in 4ms (Views: 1.1ms | ActiveRecord: 0.5ms | Allocations: 745)


  [1m[36mActiveRecord::SchemaMigration Pluck (0.7ms)[0m  [1m[34mSELECT "schema_migrations"."version" FROM "schema_migrations" ORDER BY "schema_migrations"."version" ASC[0m
  [1m[36mCat Load (0.6ms)[0m  [1m[34mSELECT "cats".* FROM "cats"[0m
  [1m[36mTRANSACTION (0.1ms)[0m  [1m[35mBEGIN[0m
  [1m[36mCat Destroy (0.4ms)[0m  [1m[31mDELETE FROM "cats" WHERE "cats"."id" = $1[0m  [["id", 1]]
  [1m[36mTRANSACTION (0.7ms)[0m  [1m[35mCOMMIT[0m
  [1m[36mTRANSACTION (0.1ms)[0m  [1m[35mBEGIN[0m
  [1m[36mCat Destroy (0.2ms)[0m  [1m[31mDELETE FROM "cats" WHERE "cats"."id" = $1[0m  [["id", 2]]
  [1m[36mTRANSACTION (0.1ms)[0m  [1m[35mCOMMIT[0m
  [1m[36mTRANSACTION (0.0ms)[0m  [1m[35mBEGIN[0m
  [1m[36mCat Destroy (0.1ms)[0m  [1m[31mDELETE FROM "cats" WHERE "cats"."id" = $1[0m  [["id", 3]]
  [1m[36mTRANSACTION (0.1ms)[0m  [1m[35mCOMMIT[0m
  [1m[36mTRANSACTION (0.0ms)[0m  [1m[35mBEGIN[0m
  [1m[36mCat Create (0.3ms)[0m  [1m[32mINSERT INTO "cats" ("name", "color", "birth_date", "sex", "description", "created_at", "updated_at") VALUES ($1, $2, $3, $4, $5, $6, $7) RETURNING "id"[0m  [["name", "Harvey"], ["color", "White"], ["birth_date", "2022-07-31"], ["sex", "M"], ["description", "He is a purebred Ragdoll which loves affentionate touch and full of joy! You can think of him as a dog of the cat world :D"], ["created_at", "2023-08-04 22:10:20.955245"], ["updated_at", "2023-08-04 22:10:20.955245"]]
  [1m[36mTRANSACTION (0.2ms)[0m  [1m[35mCOMMIT[0m
  [1m[36mTRANSACTION (0.1ms)[0m  [1m[35mBEGIN[0m
  [1m[36mCat Create (0.2ms)[0m  [1m[32mINSERT INTO "cats" ("name", "color", "birth_date", "sex", "description", "created_at", "updated_at") VALUES ($1, $2, $3, $4, $5, $6, $7) RETURNING "id"[0m  [["name", "Chef"], ["color", "Black"], ["birth_date", "2021-09-03"], ["sex", "M"], ["description", "Funny, he is named after the 'Chef' character from 'South Park' 🤣"], ["created_at", "2023-08-04 22:10:20.956975"], ["updated_at", "2023-08-04 22:10:20.956975"]]
  [1m[36mTRANSACTION (0.2ms)[0m  [1m[35mCOMMIT[0m
  [1m[36mTRANSACTION (0.0ms)[0m  [1m[35mBEGIN[0m
  [1m[36mCat Create (0.2ms)[0m  [1m[32mINSERT INTO "cats" ("name", "color", "birth_date", "sex", "description", "created_at", "updated_at") VALUES ($1, $2, $3, $4, $5, $6, $7) RETURNING "id"[0m  [["name", "Smol"], ["color", "Orange"], ["birth_date", "2023-07-01"], ["sex", "F"], ["description", "Her name is 'Smol' because she is tiny \u{1F979}"], ["created_at", "2023-08-04 22:10:20.958410"], ["updated_at", "2023-08-04 22:10:20.958410"]]
  [1m[36mTRANSACTION (0.1ms)[0m  [1m[35mCOMMIT[0m
Started GET "/cats/1" for ::1 at 2023-08-04 18:10:31 -0400
  [1m[36mActiveRecord::SchemaMigration Pluck (0.8ms)[0m  [1m[34mSELECT "schema_migrations"."version" FROM "schema_migrations" ORDER BY "schema_migrations"."version" ASC[0m
Processing by CatsController#show as */*
  Parameters: {"id"=>"1"}
  [1m[36mCat Load (0.3ms)[0m  [1m[34mSELECT "cats".* FROM "cats" WHERE "cats"."id" = $1 LIMIT $2[0m  [["id", 1], ["LIMIT", 1]]
  ↳ app/controllers/cats_controller.rb:17:in `show'
  Rendering cats/show.html.erb
  Rendered cats/show.html.erb (Duration: 0.8ms | Allocations: 534)
Completed 200 OK in 19ms (Views: 7.2ms | ActiveRecord: 3.8ms | Allocations: 15485)


Started GET "/cats/2" for ::1 at 2023-08-04 18:10:34 -0400
Processing by CatsController#show as */*
  Parameters: {"id"=>"2"}
  [1m[36mCat Load (0.3ms)[0m  [1m[34mSELECT "cats".* FROM "cats" WHERE "cats"."id" = $1 LIMIT $2[0m  [["id", 2], ["LIMIT", 1]]
  ↳ app/controllers/cats_controller.rb:17:in `show'
  Rendering cats/show.html.erb
  Rendered cats/show.html.erb (Duration: 0.2ms | Allocations: 27)
Completed 200 OK in 4ms (Views: 1.0ms | ActiveRecord: 0.3ms | Allocations: 853)


Started GET "/cats/3" for ::1 at 2023-08-04 18:10:38 -0400
Processing by CatsController#show as */*
  Parameters: {"id"=>"3"}
  [1m[36mCat Load (0.4ms)[0m  [1m[34mSELECT "cats".* FROM "cats" WHERE "cats"."id" = $1 LIMIT $2[0m  [["id", 3], ["LIMIT", 1]]
  ↳ app/controllers/cats_controller.rb:17:in `show'
  Rendering cats/show.html.erb
  Rendered cats/show.html.erb (Duration: 0.1ms | Allocations: 27)
Completed 200 OK in 4ms (Views: 0.8ms | ActiveRecord: 0.4ms | Allocations: 745)


Started GET "/cats" for ::1 at 2023-08-04 18:12:31 -0400
  [1m[36mActiveRecord::SchemaMigration Pluck (0.6ms)[0m  [1m[34mSELECT "schema_migrations"."version" FROM "schema_migrations" ORDER BY "schema_migrations"."version" ASC[0m
Processing by CatsController#index as */*
  Rendering cats/index.html.erb
  [1m[36mCat Load (0.6ms)[0m  [1m[34mSELECT "cats".* FROM "cats"[0m
  ↳ app/views/cats/index.html.erb:4
  Rendered cats/index.html.erb (Duration: 14.6ms | Allocations: 13965)
Completed 500 Internal Server Error in 20ms (ActiveRecord: 5.2ms | Allocations: 19299)



NoMethodError - undefined method `show' for #<Cat id: 1, name: "Harvey", color: "White", birth_date: "2022-07-31", sex: "M", description: "He is a purebred Ragdoll which loves affentionate ...", created_at: "2023-08-04 22:10:20.955245000 +0000", updated_at: "2023-08-04 22:10:20.955245000 +0000">:
  app/views/cats/index.html.erb:5
  app/views/cats/index.html.erb:4
  app/controllers/cats_controller.rb:4:in `index'

Started GET "/cats" for ::1 at 2023-08-04 18:12:50 -0400
Processing by CatsController#index as */*
  Rendering cats/index.html.erb
  [1m[36mCat Load (0.6ms)[0m  [1m[34mSELECT "cats".* FROM "cats"[0m
  ↳ app/views/cats/index.html.erb:4
  Rendered cats/index.html.erb (Duration: 12.7ms | Allocations: 6628)
Completed 500 Internal Server Error in 17ms (ActiveRecord: 0.6ms | Allocations: 7475)



NoMethodError - undefined method `show' for #<Cat id: 1, name: "Harvey", color: "White", birth_date: "2022-07-31", sex: "M", description: "He is a purebred Ragdoll which loves affentionate ...", created_at: "2023-08-04 22:10:20.955245000 +0000", updated_at: "2023-08-04 22:10:20.955245000 +0000">:
  app/views/cats/index.html.erb:5
  app/views/cats/index.html.erb:4
  app/controllers/cats_controller.rb:4:in `index'

Started GET "/cats" for ::1 at 2023-08-04 18:14:13 -0400
Processing by CatsController#index as */*
  Rendering cats/index.html.erb
  Rendered cats/index.html.erb (Duration: 176.3ms | Allocations: 1590)
Completed 500 Internal Server Error in 181ms (ActiveRecord: 0.0ms | Allocations: 2452)



ActionView::SyntaxErrorInTemplate - Encountered a syntax error while rendering template: check <h1>Cats<h1>
<ul>
    <% @cats.each do |cat| %>
        <li><%= link_to /cat/show %><li>
    <% end %>
<ul>:
  app/controllers/cats_controller.rb:4:in `index'

Started GET "/cats" for ::1 at 2023-08-04 18:16:57 -0400
Processing by CatsController#index as */*
  Rendering cats/index.html.erb
  [1m[36mCat Load (0.4ms)[0m  [1m[34mSELECT "cats".* FROM "cats"[0m
  ↳ app/views/cats/index.html.erb:4
  Rendered cats/index.html.erb (Duration: 3.9ms | Allocations: 895)
Completed 200 OK in 7ms (Views: 6.1ms | ActiveRecord: 0.4ms | Allocations: 1798)


Started GET "/cats" for ::1 at 2023-08-04 18:17:09 -0400
Processing by CatsController#index as */*
  Rendering cats/index.html.erb
  [1m[36mCat Load (0.4ms)[0m  [1m[34mSELECT "cats".* FROM "cats"[0m
  ↳ app/views/cats/index.html.erb:4
  Rendered cats/index.html.erb (Duration: 3.9ms | Allocations: 887)
Completed 200 OK in 9ms (Views: 7.8ms | ActiveRecord: 0.4ms | Allocations: 1743)


Started GET "/cats" for ::1 at 2023-08-04 18:17:24 -0400
Processing by CatsController#index as */*
  Rendering cats/index.html.erb
  [1m[36mCat Load (0.4ms)[0m  [1m[34mSELECT "cats".* FROM "cats"[0m
  ↳ app/views/cats/index.html.erb:4
  Rendered cats/index.html.erb (Duration: 3.9ms | Allocations: 893)
Completed 200 OK in 8ms (Views: 6.9ms | ActiveRecord: 0.4ms | Allocations: 1762)


Started GET "/cats" for ::1 at 2023-08-04 18:17:44 -0400
Processing by CatsController#index as */*
  Rendering cats/index.html.erb
  [1m[36mCat Load (0.5ms)[0m  [1m[34mSELECT "cats".* FROM "cats"[0m
  ↳ app/views/cats/index.html.erb:5
  Rendered cats/index.html.erb (Duration: 3.5ms | Allocations: 890)
Completed 200 OK in 7ms (Views: 6.4ms | ActiveRecord: 0.5ms | Allocations: 1746)


Started GET "/cats" for ::1 at 2023-08-04 18:18:08 -0400
Processing by CatsController#index as */*
  Rendering cats/index.html.erb
  [1m[36mCat Load (0.3ms)[0m  [1m[34mSELECT "cats".* FROM "cats"[0m
  ↳ app/views/cats/index.html.erb:4
  Rendered cats/index.html.erb (Duration: 3.5ms | Allocations: 886)
Completed 200 OK in 7ms (Views: 6.8ms | ActiveRecord: 0.3ms | Allocations: 1742)


Started GET "/cats" for ::1 at 2023-08-04 18:19:26 -0400
Processing by CatsController#index as */*
  Rendering cats/index.html.erb
  [1m[36mCat Load (0.4ms)[0m  [1m[34mSELECT "cats".* FROM "cats"[0m
  ↳ app/views/cats/index.html.erb:5
  Rendered cats/index.html.erb (Duration: 3.3ms | Allocations: 896)
Completed 200 OK in 9ms (Views: 7.9ms | ActiveRecord: 0.4ms | Allocations: 1765)


Started GET "/cats" for ::1 at 2023-08-04 18:21:00 -0400
Processing by CatsController#index as */*
  Rendering cats/index.html.erb
  [1m[36mCat Load (0.4ms)[0m  [1m[34mSELECT "cats".* FROM "cats"[0m
  ↳ app/views/cats/index.html.erb:5
  Rendered cats/index.html.erb (Duration: 3.5ms | Allocations: 905)
Completed 200 OK in 8ms (Views: 7.0ms | ActiveRecord: 0.4ms | Allocations: 1761)


Started GET "/cats/1%" for ::1 at 2023-08-04 18:21:13 -0400
Processing by CatsController#show as */*
  Parameters: {"id"=>"1%"}
  [1m[36mCat Load (0.3ms)[0m  [1m[34mSELECT "cats".* FROM "cats" WHERE "cats"."id" = $1 LIMIT $2[0m  [["id", 1], ["LIMIT", 1]]
  ↳ app/controllers/cats_controller.rb:17:in `show'
  Rendering cats/show.html.erb
  Rendered cats/show.html.erb (Duration: 1.1ms | Allocations: 250)
Completed 200 OK in 11ms (Views: 2.5ms | ActiveRecord: 0.5ms | Allocations: 4048)


Started GET "/cats" for ::1 at 2023-08-04 18:21:47 -0400
Processing by CatsController#index as */*
  Rendering cats/index.html.erb
  [1m[36mCat Load (0.6ms)[0m  [1m[34mSELECT "cats".* FROM "cats"[0m
  ↳ app/views/cats/index.html.erb:5
  Rendered cats/index.html.erb (Duration: 3.9ms | Allocations: 902)
Completed 200 OK in 7ms (Views: 6.5ms | ActiveRecord: 0.6ms | Allocations: 1737)


Started GET "/cats" for ::1 at 2023-08-04 18:21:59 -0400
Processing by CatsController#index as */*
  Rendering cats/index.html.erb
  [1m[36mCat Load (0.4ms)[0m  [1m[34mSELECT "cats".* FROM "cats"[0m
  ↳ app/views/cats/index.html.erb:5
  Rendered cats/index.html.erb (Duration: 4.1ms | Allocations: 901)
Completed 200 OK in 7ms (Views: 6.2ms | ActiveRecord: 0.4ms | Allocations: 1757)


Started GET "/cats" for ::1 at 2023-08-04 18:22:17 -0400
Processing by CatsController#index as */*
  Rendering cats/index.html.erb
  [1m[36mCat Load (0.2ms)[0m  [1m[34mSELECT "cats".* FROM "cats"[0m
  ↳ app/views/cats/index.html.erb:5
  Rendered cats/index.html.erb (Duration: 2.9ms | Allocations: 901)
Completed 200 OK in 7ms (Views: 6.1ms | ActiveRecord: 0.2ms | Allocations: 1757)


Started GET "/cats/1" for ::1 at 2023-08-04 18:22:21 -0400
Processing by CatsController#show as */*
  Parameters: {"id"=>"1"}
  [1m[36mCat Load (0.3ms)[0m  [1m[34mSELECT "cats".* FROM "cats" WHERE "cats"."id" = $1 LIMIT $2[0m  [["id", 1], ["LIMIT", 1]]
  ↳ app/controllers/cats_controller.rb:17:in `show'
  Rendering cats/show.html.erb
  Rendered cats/show.html.erb (Duration: 0.6ms | Allocations: 199)
Completed 200 OK in 3ms (Views: 1.4ms | ActiveRecord: 0.3ms | Allocations: 1006)


Started GET "/cats" for ::1 at 2023-08-04 18:24:27 -0400
Processing by CatsController#index as */*
  Rendering cats/index.html.erb
  Rendered cats/index.html.erb (Duration: 2.1ms | Allocations: 1571)
Completed 500 Internal Server Error in 6ms (ActiveRecord: 0.0ms | Allocations: 2396)



ActionView::SyntaxErrorInTemplate - Encountered a syntax error while rendering template: check <h1>Cats<h1>
<body>
    <ul>
        <% @cats.each do |cat| %>
            <li> <%= link_to "http://localhost:3000/cats/<%=cat.id%>"%> <%= cat.name%></a><br/> <li>
        <% end %>
    <ul>
<body>:
  app/controllers/cats_controller.rb:4:in `index'

Started GET "/cats" for ::1 at 2023-08-04 18:28:42 -0400
Processing by CatsController#index as */*
  Rendering cats/index.html.erb
  [1m[36mCat Load (0.7ms)[0m  [1m[34mSELECT "cats".* FROM "cats"[0m
  ↳ app/views/cats/index.html.erb:5
  Rendered cats/index.html.erb (Duration: 17.2ms | Allocations: 3943)
Completed 200 OK in 20ms (Views: 20.0ms | ActiveRecord: 8.0ms | Allocations: 4795)


Started GET "/cats/1" for ::1 at 2023-08-04 18:30:20 -0400
Processing by CatsController#show as */*
  Parameters: {"id"=>"1"}
  [1m[36mCat Load (0.4ms)[0m  [1m[34mSELECT "cats".* FROM "cats" WHERE "cats"."id" = $1 LIMIT $2[0m  [["id", 1], ["LIMIT", 1]]
  ↳ app/controllers/cats_controller.rb:17:in `show'
  Rendering cats/show.html.erb
  Rendered cats/show.html.erb (Duration: 1.5ms | Allocations: 199)
Completed 200 OK in 6ms (Views: 2.8ms | ActiveRecord: 1.2ms | Allocations: 1037)


